#
# There is insufficient memory for the Java Runtime Environment to continue.
# Native memory allocation (malloc) failed to allocate 1048576 bytes for AllocateHeap
# Possible reasons:
#   The system is out of physical RAM or swap space
#   The process is running with CompressedOops enabled, and the Java Heap may be blocking the growth of the native heap
# Possible solutions:
#   Reduce memory load on the system
#   Increase physical memory or swap space
#   Check if swap backing store is full
#   Decrease Java heap size (-Xmx/-Xms)
#   Decrease number of Java threads
#   Decrease Java thread stack sizes (-Xss)
#   Set larger code cache with -XX:ReservedCodeCacheSize=
#   JVM is running with Unscaled Compressed Oops mode in which the Java heap is
#     placed in the first 4GB address space. The Java Heap base address is the
#     maximum limit for the native heap growth. Please use -XX:HeapBaseMinAddress
#     to set the Java Heap base and to place the Java Heap above 4GB virtual address.
# This output file may be truncated or incomplete.
#
#  Out of Memory Error (allocation.cpp:44), pid=24296, tid=11328
#
# JRE version:  (17.0.10+7) (build )
# Java VM: OpenJDK 64-Bit Server VM (17.0.10+7, mixed mode, tiered, compressed oops, compressed class ptrs, parallel gc, windows-amd64)
# No core dump will be written. Minidumps are not enabled by default on client versions of Windows
#

---------------  S U M M A R Y ------------

Command Line: --add-modules=ALL-SYSTEM --add-opens=java.base/java.util=ALL-UNNAMED --add-opens=java.base/java.lang=ALL-UNNAMED --add-opens=java.base/sun.nio.fs=ALL-UNNAMED -Declipse.application=org.eclipse.jdt.ls.core.id1 -Dosgi.bundles.defaultStartLevel=4 -Declipse.product=org.eclipse.jdt.ls.core.product -Djava.import.generatesMetadataFilesAtProjectRoot=false -DDetectVMInstallationsJob.disabled=true -Dfile.encoding=utf8 -XX:+UseParallelGC -XX:GCTimeRatio=4 -XX:AdaptiveSizePolicyWeight=90 -Dsun.zip.disableMemoryMapping=true -Xmx1G -Xms100m -Xlog:disable -javaagent:c:\Users\Zenroy\.vscode\extensions\redhat.java-1.30.0-win32-x64\lombok\lombok-1.18.32.jar -XX:+HeapDumpOnOutOfMemoryError -XX:HeapDumpPath=c:\Users\Zenroy\AppData\Roaming\Code\User\workspaceStorage\3bd59e1327d09051df8ec7cea042a17f\redhat.java -Daether.dependencyCollector.impl=bf c:\Users\Zenroy\.vscode\extensions\redhat.java-1.30.0-win32-x64\server\plugins\org.eclipse.equinox.launcher_1.6.800.v20240330-1250.jar -configuration c:\Users\Zenroy\AppData\Roaming\Code\User\globalStorage\redhat.java\1.30.0\config_win -data c:\Users\Zenroy\AppData\Roaming\Code\User\workspaceStorage\3bd59e1327d09051df8ec7cea042a17f\redhat.java\jdt_ws --pipe=\\.\pipe\lsp-e41723ce6936823a141c7db1def00cc4-sock

Host: AMD Ryzen 5 3600 6-Core Processor              , 12 cores, 15G,  Windows 10 , 64 bit Build 19041 (10.0.19041.3636)
Time: Sun May 12 04:24:34 2024 China Standard Time elapsed time: 0.034547 seconds (0d 0h 0m 0s)

---------------  T H R E A D  ---------------

Current thread (0x00000283159e3850):  JavaThread "Unknown thread" [_thread_in_vm, id=11328, stack(0x000000cce3a00000,0x000000cce3b00000)]

Stack: [0x000000cce3a00000,0x000000cce3b00000]
Native frames: (J=compiled Java code, j=interpreted, Vv=VM code, C=native code)
V  [jvm.dll+0x67d2c9]
V  [jvm.dll+0x834afa]
V  [jvm.dll+0x8365be]
V  [jvm.dll+0x836c23]
V  [jvm.dll+0x2477ff]
V  [jvm.dll+0xa6c93]
V  [jvm.dll+0x6afe5a]
V  [jvm.dll+0x6b0b4f]
V  [jvm.dll+0x689a43]
V  [jvm.dll+0x806a7b]
V  [jvm.dll+0x36c774]
V  [jvm.dll+0x7e4e06]
V  [jvm.dll+0x3eff3f]
V  [jvm.dll+0x3f1b71]
C  [jli.dll+0x528f]
C  [ucrtbase.dll+0x21bb2]
C  [KERNEL32.DLL+0x17344]
C  [ntdll.dll+0x526b1]


---------------  P R O C E S S  ---------------

Threads class SMR info:
_java_thread_list=0x00007ffd4087ee98, length=0, elements={
}

Java Threads: ( => current thread )

Other Threads:
  0x00000283159f8330 GCTaskThread "GC Thread#0" [stack: 0x000000cce3b00000,0x000000cce3c00000] [id=24056]

=>0x00000283159e3850 (exited) JavaThread "Unknown thread" [_thread_in_vm, id=11328, stack(0x000000cce3a00000,0x000000cce3b00000)]

Threads with active compile tasks:

VM state: not at safepoint (normal execution)

VM Mutex/Monitor currently owned by a thread: None

Heap address: 0x00000000c0000000, size: 1024 MB, Compressed Oops mode: 32-bit

CDS archive(s) not mapped
Compressed class space mapped at: 0x0000000100000000-0x0000000140000000, reserved size: 1073741824
Narrow klass base: 0x0000000000000000, Narrow klass shift: 3, Narrow klass range: 0x140000000

GC Precious Log:
 CPUs: 12 total, 12 available
 Memory: 16310M
 Large Page Support: Disabled
 NUMA Support: Disabled
 Compressed Oops: Enabled (32-bit)
 Alignments: Space 512K, Generation 512K, Heap 2M
 Heap Min Capacity: 100M
 Heap Initial Capacity: 100M
 Heap Max Capacity: 1G
 Pre-touch: Disabled
 Parallel Workers: 10

Heap:
 PSYoungGen      total 29696K, used 512K [0x00000000eab00000, 0x00000000ecc00000, 0x0000000100000000)
  eden space 25600K, 2% used [0x00000000eab00000,0x00000000eab80070,0x00000000ec400000)
  from space 4096K, 0% used [0x00000000ec800000,0x00000000ec800000,0x00000000ecc00000)
  to   space 4096K, 0% used [0x00000000ec400000,0x00000000ec400000,0x00000000ec800000)
 ParOldGen       total 68608K, used 0K [0x00000000c0000000, 0x00000000c4300000, 0x00000000eab00000)
  object space 68608K, 0% used [0x00000000c0000000,0x00000000c0000000,0x00000000c4300000)
 Metaspace       used 1149K, committed 1216K, reserved 1114112K
  class space    used 101K, committed 128K, reserved 1048576K

Card table byte_map: [0x0000028315370000,0x0000028315580000] _byte_map_base: 0x0000028314d70000

Marking Bits: (ParMarkBitMap*) 0x00007ffd408ed7d0
 Begin Bits: [0x0000028327670000, 0x0000028328670000)
 End Bits:   [0x0000028328670000, 0x0000028329670000)

Polling page: 0x0000028313960000

Metaspace:

Usage:
  Non-class:      1.02 MB used.
      Class:    101.05 KB used.
       Both:      1.12 MB used.

Virtual space:
  Non-class space:       64.00 MB reserved,       1.06 MB (  2%) committed,  1 nodes.
      Class space:        1.00 GB reserved,     128.00 KB ( <1%) committed,  1 nodes.
             Both:        1.06 GB reserved,       1.19 MB ( <1%) committed. 

Chunk freelists:
   Non-Class:  12.00 MB
       Class:  15.75 MB
        Both:  27.75 MB

MaxMetaspaceSize: unlimited
CompressedClassSpaceSize: 1.00 GB
Initial GC threshold: 21.00 MB
Current GC threshold: 17179869184.00 GB
CDS: off
MetaspaceReclaimPolicy: balanced
 - commit_granule_bytes: 65536.
 - commit_granule_words: 8192.
 - virtual_space_node_default_size: 8388608.
 - enlarge_chunks_in_place: 1.
 - new_chunks_are_fully_committed: 0.
 - uncommit_free_chunks: 1.
 - use_allocation_guard: 0.
 - handle_deallocations: 1.


Internal statistics:

num_allocs_failed_limit: 0.
num_arena_births: 2.
num_arena_deaths: 0.
num_vsnodes_births: 2.
num_vsnodes_deaths: 0.
num_space_committed: 19.
num_space_uncommitted: 0.
num_chunks_returned_to_freelist: 0.
num_chunks_taken_from_freelist: 3.
num_chunk_merges: 0.
num_chunk_splits: 2.
num_chunks_enlarged: 0.
num_inconsistent_stats: 0.

CodeHeap 'non-profiled nmethods': size=120000Kb used=0Kb max_used=0Kb free=120000Kb
 bounds [0x0000028320140000, 0x00000283203b0000, 0x0000028327670000]
CodeHeap 'profiled nmethods': size=120000Kb used=0Kb max_used=0Kb free=120000Kb
 bounds [0x0000028318670000, 0x00000283188e0000, 0x000002831fba0000]
CodeHeap 'non-nmethods': size=5760Kb used=202Kb max_used=353Kb free=5557Kb
 bounds [0x000002831fba0000, 0x000002831fe10000, 0x0000028320140000]
 total_blobs=66 nmethods=0 adapters=47
 compilation: enabled
              stopped_count=0, restarted_count=0
 full_count=0

Compilation events (0 events):
No events

GC Heap History (0 events):
No events

Dll operation events (1 events):
Event: 0.006 Loaded shared library c:\Users\Zenroy\.vscode\extensions\redhat.java-1.30.0-win32-x64\jre\17.0.10-win32-x86_64\bin\java.dll

Deoptimization events (0 events):
No events

Classes unloaded (0 events):
No events

Classes redefined (0 events):
No events

Internal exceptions (0 events):
No events

VM Operations (0 events):
No events

Events (20 events):
Event: 0.019 loading class java/lang/Long
Event: 0.019 loading class java/lang/Long done
Event: 0.019 loading class java/util/Iterator
Event: 0.019 loading class java/util/Iterator done
Event: 0.019 loading class java/lang/reflect/RecordComponent
Event: 0.019 loading class java/lang/reflect/RecordComponent done
Event: 0.019 loading class jdk/internal/vm/vector/VectorSupport
Event: 0.019 loading class jdk/internal/vm/vector/VectorSupport done
Event: 0.019 loading class jdk/internal/vm/vector/VectorSupport$VectorPayload
Event: 0.019 loading class jdk/internal/vm/vector/VectorSupport$VectorPayload done
Event: 0.019 loading class jdk/internal/vm/vector/VectorSupport$Vector
Event: 0.019 loading class jdk/internal/vm/vector/VectorSupport$Vector done
Event: 0.019 loading class jdk/internal/vm/vector/VectorSupport$VectorMask
Event: 0.019 loading class jdk/internal/vm/vector/VectorSupport$VectorMask done
Event: 0.019 loading class jdk/internal/vm/vector/VectorSupport$VectorShuffle
Event: 0.019 loading class jdk/internal/vm/vector/VectorSupport$VectorShuffle done
Event: 0.021 loading class java/lang/NullPointerException
Event: 0.021 loading class java/lang/NullPointerException done
Event: 0.021 loading class java/lang/ArithmeticException
Event: 0.021 loading class java/lang/ArithmeticException done


Dynamic libraries:
0x00007ff6fd890000 - 0x00007ff6fd89e000 	c:\Users\Zenroy\.vscode\extensions\redhat.java-1.30.0-win32-x64\jre\17.0.10-win32-x86_64\bin\java.exe
0x00007ffd9df10000 - 0x00007ffd9e108000 	C:\Windows\SYSTEM32\ntdll.dll
0x00007ffd9d460000 - 0x00007ffd9d51d000 	C:\Windows\System32\KERNEL32.DLL
0x00007ffd9b5c0000 - 0x00007ffd9b8b6000 	C:\Windows\System32\KERNELBASE.dll
0x00007ffd98d80000 - 0x00007ffd98e10000 	C:\Windows\SYSTEM32\apphelp.dll
0x00007ffd9baf0000 - 0x00007ffd9bbf0000 	C:\Windows\System32\ucrtbase.dll
0x00007ffd746f0000 - 0x00007ffd74707000 	c:\Users\Zenroy\.vscode\extensions\redhat.java-1.30.0-win32-x64\jre\17.0.10-win32-x86_64\bin\jli.dll
0x00007ffd74710000 - 0x00007ffd7472b000 	c:\Users\Zenroy\.vscode\extensions\redhat.java-1.30.0-win32-x64\jre\17.0.10-win32-x86_64\bin\VCRUNTIME140.dll
0x00007ffd9c020000 - 0x00007ffd9c1bf000 	C:\Windows\System32\USER32.dll
0x00007ffd8eef0000 - 0x00007ffd8f18a000 	C:\Windows\WinSxS\amd64_microsoft.windows.common-controls_6595b64144ccf1df_6.0.19041.3636_none_60b6a03d71f818d5\COMCTL32.dll
0x00007ffd9bac0000 - 0x00007ffd9bae2000 	C:\Windows\System32\win32u.dll
0x00007ffd9d5d0000 - 0x00007ffd9d66e000 	C:\Windows\System32\msvcrt.dll
0x00007ffd9d070000 - 0x00007ffd9d09b000 	C:\Windows\System32\GDI32.dll
0x00007ffd9b9a0000 - 0x00007ffd9bab7000 	C:\Windows\System32\gdi32full.dll
0x00007ffd9bea0000 - 0x00007ffd9bf3d000 	C:\Windows\System32\msvcp_win.dll
0x00007ffd9bfe0000 - 0x00007ffd9c012000 	C:\Windows\System32\IMM32.DLL
0x00007ffd8ad80000 - 0x00007ffd8ad8c000 	c:\Users\Zenroy\.vscode\extensions\redhat.java-1.30.0-win32-x64\jre\17.0.10-win32-x86_64\bin\vcruntime140_1.dll
0x00007ffd70f30000 - 0x00007ffd70fbd000 	c:\Users\Zenroy\.vscode\extensions\redhat.java-1.30.0-win32-x64\jre\17.0.10-win32-x86_64\bin\msvcp140.dll
0x00007ffd3fd50000 - 0x00007ffd409b2000 	c:\Users\Zenroy\.vscode\extensions\redhat.java-1.30.0-win32-x64\jre\17.0.10-win32-x86_64\bin\server\jvm.dll
0x00007ffd9c4d0000 - 0x00007ffd9c580000 	C:\Windows\System32\ADVAPI32.dll
0x00007ffd9c580000 - 0x00007ffd9c620000 	C:\Windows\System32\sechost.dll
0x00007ffd9d250000 - 0x00007ffd9d373000 	C:\Windows\System32\RPCRT4.dll
0x00007ffd9be00000 - 0x00007ffd9be27000 	C:\Windows\System32\bcrypt.dll
0x00007ffd9ab10000 - 0x00007ffd9ab5b000 	C:\Windows\SYSTEM32\POWRPROF.dll
0x00007ffd89560000 - 0x00007ffd89587000 	C:\Windows\SYSTEM32\WINMM.dll
0x00007ffd803c0000 - 0x00007ffd803c9000 	C:\Windows\SYSTEM32\WSOCK32.dll
0x00007ffd914c0000 - 0x00007ffd914ca000 	C:\Windows\SYSTEM32\VERSION.dll
0x00007ffd9c7d0000 - 0x00007ffd9c83b000 	C:\Windows\System32\WS2_32.dll
0x00007ffd9a980000 - 0x00007ffd9a992000 	C:\Windows\SYSTEM32\UMPDC.dll
0x00007ffd99430000 - 0x00007ffd99442000 	C:\Windows\SYSTEM32\kernel.appcore.dll
0x00007ffd8ab80000 - 0x00007ffd8ab8a000 	c:\Users\Zenroy\.vscode\extensions\redhat.java-1.30.0-win32-x64\jre\17.0.10-win32-x86_64\bin\jimage.dll
0x00007ffd878d0000 - 0x00007ffd87ab4000 	C:\Windows\SYSTEM32\DBGHELP.DLL
0x00007ffd83360000 - 0x00007ffd83394000 	C:\Windows\SYSTEM32\dbgcore.DLL
0x00007ffd9b910000 - 0x00007ffd9b992000 	C:\Windows\System32\bcryptPrimitives.dll
0x00007ffd7d1c0000 - 0x00007ffd7d1ce000 	c:\Users\Zenroy\.vscode\extensions\redhat.java-1.30.0-win32-x64\jre\17.0.10-win32-x86_64\bin\instrument.dll
0x00007ffd751d0000 - 0x00007ffd751f5000 	c:\Users\Zenroy\.vscode\extensions\redhat.java-1.30.0-win32-x64\jre\17.0.10-win32-x86_64\bin\java.dll
0x00007ffd74860000 - 0x00007ffd74878000 	c:\Users\Zenroy\.vscode\extensions\redhat.java-1.30.0-win32-x64\jre\17.0.10-win32-x86_64\bin\zip.dll

dbghelp: loaded successfully - version: 4.0.5 - missing functions: none
symbol engine: initialized successfully - sym options: 0x614 - pdb path: .;c:\Users\Zenroy\.vscode\extensions\redhat.java-1.30.0-win32-x64\jre\17.0.10-win32-x86_64\bin;C:\Windows\SYSTEM32;C:\Windows\WinSxS\amd64_microsoft.windows.common-controls_6595b64144ccf1df_6.0.19041.3636_none_60b6a03d71f818d5;c:\Users\Zenroy\.vscode\extensions\redhat.java-1.30.0-win32-x64\jre\17.0.10-win32-x86_64\bin\server

VM Arguments:
jvm_args: --add-modules=ALL-SYSTEM --add-opens=java.base/java.util=ALL-UNNAMED --add-opens=java.base/java.lang=ALL-UNNAMED --add-opens=java.base/sun.nio.fs=ALL-UNNAMED -Declipse.application=org.eclipse.jdt.ls.core.id1 -Dosgi.bundles.defaultStartLevel=4 -Declipse.product=org.eclipse.jdt.ls.core.product -Djava.import.generatesMetadataFilesAtProjectRoot=false -DDetectVMInstallationsJob.disabled=true -Dfile.encoding=utf8 -XX:+UseParallelGC -XX:GCTimeRatio=4 -XX:AdaptiveSizePolicyWeight=90 -Dsun.zip.disableMemoryMapping=true -Xmx1G -Xms100m -Xlog:disable -javaagent:c:\Users\Zenroy\.vscode\extensions\redhat.java-1.30.0-win32-x64\lombok\lombok-1.18.32.jar -XX:+HeapDumpOnOutOfMemoryError -XX:HeapDumpPath=c:\Users\Zenroy\AppData\Roaming\Code\User\workspaceStorage\3bd59e1327d09051df8ec7cea042a17f\redhat.java -Daether.dependencyCollector.impl=bf 
java_command: c:\Users\Zenroy\.vscode\extensions\redhat.java-1.30.0-win32-x64\server\plugins\org.eclipse.equinox.launcher_1.6.800.v20240330-1250.jar -configuration c:\Users\Zenroy\AppData\Roaming\Code\User\globalStorage\redhat.java\1.30.0\config_win -data c:\Users\Zenroy\AppData\Roaming\Code\User\workspaceStorage\3bd59e1327d09051df8ec7cea042a17f\redhat.java\jdt_ws --pipe=\\.\pipe\lsp-e41723ce6936823a141c7db1def00cc4-sock
java_class_path (initial): c:\Users\Zenroy\.vscode\extensions\redhat.java-1.30.0-win32-x64\server\plugins\org.eclipse.equinox.launcher_1.6.800.v20240330-1250.jar
Launcher Type: SUN_STANDARD

[Global flags]
    uintx AdaptiveSizePolicyWeight                 = 90                                        {product} {command line}
     intx CICompilerCount                          = 4                                         {product} {ergonomic}
    uintx GCTimeRatio                              = 4                                         {product} {command line}
     bool HeapDumpOnOutOfMemoryError               = true                                   {manageable} {command line}
    ccstr HeapDumpPath                             = c:\Users\Zenroy\AppData\Roaming\Code\User\workspaceStorage\3bd59e1327d09051df8ec7cea042a17f\redhat.java         {manageable} {command line}
   size_t InitialHeapSize                          = 104857600                                 {product} {command line}
   size_t MaxHeapSize                              = 1073741824                                {product} {command line}
   size_t MaxNewSize                               = 357564416                                 {product} {ergonomic}
   size_t MinHeapDeltaBytes                        = 524288                                    {product} {ergonomic}
   size_t MinHeapSize                              = 104857600                                 {product} {command line}
   size_t NewSize                                  = 34603008                                  {product} {ergonomic}
    uintx NonNMethodCodeHeapSize                   = 5839372                                {pd product} {ergonomic}
    uintx NonProfiledCodeHeapSize                  = 122909434                              {pd product} {ergonomic}
   size_t OldSize                                  = 70254592                                  {product} {ergonomic}
    uintx ProfiledCodeHeapSize                     = 122909434                              {pd product} {ergonomic}
    uintx ReservedCodeCacheSize                    = 251658240                              {pd product} {ergonomic}
     bool SegmentedCodeCache                       = true                                      {product} {ergonomic}
   size_t SoftMaxHeapSize                          = 1073741824                             {manageable} {ergonomic}
     bool UseCompressedClassPointers               = true                           {product lp64_product} {ergonomic}
     bool UseCompressedOops                        = true                           {product lp64_product} {ergonomic}
     bool UseLargePagesIndividualAllocation        = false                                  {pd product} {ergonomic}
     bool UseParallelGC                            = true                                      {product} {command line}

Logging:
Log output configuration:
 #0: stdout all=off uptime,level,tags
 #1: stderr all=off uptime,level,tags

Environment Variables:
PATH=C:\Program Files\NVIDIA GPU Computing Toolkit\CUDA\v12.2\bin;C:\Program Files\NVIDIA GPU Computing Toolkit\CUDA\v12.2\libnvvp;C:\Program Files\Common Files\Oracle\Java\javapath;C:\Windows\system32;C:\Windows;C:\Windows\System32\Wbem;C:\Windows\System32\WindowsPowerShell\v1.0\;C:\Windows\System32\OpenSSH\;C:\Program Files (x86)\Pulse Secure\VC142.CRT\X64\;C:\Program Files (x86)\Pulse Secure\VC142.CRT\X86\;C:\Program Files (x86)\NVIDIA Corporation\PhysX\Common;C:\Program Files\NVIDIA Corporation\NVIDIA NvDLISR;C:\Program Files\Process Lasso\;C:\Program Files\mongosh-1.3.1-win32-x64\bin;C:\Users\Zenroy\AppData\Local\Programs\mongosh;C:\Program Files\mongodb-win32-x86_64-windows-5.2.1\bin;C:\GnuWin32\bin;C:\Program Files (x86)\SMLNJ\bin\;C:\Program Files\Microsoft SQL Server\130\Tools\Binn\;C:\Program Files\Microsoft SQL Server\Client SDK\ODBC\170\Tools\Binn\;C:\Program Files\Git\cmd;C:\Program Files\dotnet\;C:\Program Files\NVIDIA Corporation\Nsight Compute 2023.2.0\;C:\Program Files\nodejs\;C:\Program Files\Docker\Docker\resources\bin;C:\Users\Zenroy\AppData\Local\Programs\Python\Python311\Scripts\;C:\Users\Zenroy\AppData\Local\Programs\Python\Python311\;C:\Users\Zenroy\AppData\Local\Microsoft\WindowsApps;C:\Users\Zenroy\AppData\Local\Programs\Microsoft VS Code\bin;C:\Users\Zenroy\AppData\Local\Programs\mongosh\;C:\Users\Zenroy\Documents\mongosh-1.3.1-win32-x64\bin;C:\GnuWin32\bin;C:\Program Files\R\R-4.2.0\bin;C:\Program Files\swipl\bin;C:\Users\Zenroy\Documents\flutter\bin;C:\Users\Zenroy\.dotnet\tools;C:\Users\Zenroy\Documents\CSIE 3yr 2sem\Data Science;C:\Users\Zenroy\AppData\Local\GitHubDesktop\bin;C:\Users\Zenroy\AppData\Local\Android\Sdk;C:\msys64\mingw64\bin;C:\Users\Zenroy\anaconda3\condabin;C:\ffmpeg-2023-07-06-git-f00222e81f-full_build\bin;C:\Users\Zenroy\AppData\Local\Android\Sdk\platform-tools;C:\Users\Zenroy\AppData\Roaming\npm;C:\Users\Zenroy\AppData\Local\gitkraken\bin;C:\Program Files\Docker\Docker\resources\bin;
USERNAME=Zenroy
OS=Windows_NT
PROCESSOR_IDENTIFIER=AMD64 Family 23 Model 113 Stepping 0, AuthenticAMD
TMP=C:\Users\Zenroy\AppData\Local\Temp
TEMP=C:\Users\Zenroy\AppData\Local\Temp



Periodic native trim disabled


---------------  S Y S T E M  ---------------

OS:
 Windows 10 , 64 bit Build 19041 (10.0.19041.3636)
OS uptime: 1 days 8:19 hours
Hyper-V role detected

CPU: total 12 (initial active 12) (12 cores per cpu, 2 threads per core) family 23 model 113 stepping 0 microcode 0x0, cx8, cmov, fxsr, ht, mmx, 3dnowpref, sse, sse2, sse3, ssse3, sse4a, sse4.1, sse4.2, popcnt, lzcnt, tsc, tscinvbit, avx, avx2, aes, clmul, bmi1, bmi2, adx, sha, fma, vzeroupper, clflush, clflushopt, hv
Processor Information for all 12 processors :
  Max Mhz: 3600, Current Mhz: 3600, Mhz Limit: 3600

Memory: 4k page, system-wide physical 16310M (891M free)
TotalPageFile size 31310M (AvailPageFile size 2M)
current process WorkingSet (physical memory assigned to process): 16M, peak: 16M
current process commit charge ("private bytes"): 155M, peak: 156M

vm_info: OpenJDK 64-Bit Server VM (17.0.10+7) for windows-amd64 JRE (17.0.10+7), built on Jan 16 2024 23:25:11 by "admin" with MS VC++ 16.10 / 16.11 (VS2019)

END.
